Test: #1, time: 120 ms, memory: 14028 kb, exit code: 0,verdict: Accepted
Input
1 2
Output
3
Answer
3
------------------------------------------------------------------
Test: #2, time: 120 ms, memory: 14004 kb, exit code: 0,verdict: Accepted
Input
4 2
Output
6
Answer
6
------------------------------------------------------------------
Test: #3, time: 120 ms, memory: 14024 kb, exit code: 0,verdict: Accepted
Input
4 5
Output
9
Answer
9
------------------------------------------------------------------
Test: #4, time: 120 ms, memory: 14036 kb, exit code: 0,verdict: Accepted
Input
111 111
Output
222
Answer
222
------------------------------------------------------------------
Test: #5, time: 130 ms, memory: 14008 kb, exit code: 0,verdict: Accepted
Input
1111 1111
Output
2222
Answer
2222
------------------------------------------------------------------
