INFO:2013-11-15 00:59:35 Running Judge Core...
INFO:2013-11-15 00:59:35 socketPort:5000, DataPath:, TempPath:
INFO:2013-11-15 00:59:35 MySQL:    0
INFO:2013-11-15 00:59:35 Init MySQL Success...
INFO:2013-11-15 00:59:35 Start initialization of Socket...
INFO:2013-11-15 00:59:35 Bind success...
INFO:2013-11-15 00:59:35 Listen success...
INFO:2013-11-15 00:59:35 Judge Task init ok...
INFO:2013-11-15 01:00:05 Running Judge Core...
INFO:2013-11-15 01:00:05 socketPort:5005, DataPath:data\, TempPath:OJ_TMP\
INFO:2013-11-15 01:00:05 MySQL:localhost root rootpwd gdoj 3306
INFO:2013-11-15 01:00:05 Init MySQL Success...
INFO:2013-11-15 01:00:05 Start initialization of Socket...
INFO:2013-11-15 01:00:05 Bind success...
INFO:2013-11-15 01:00:05 Listen success...
INFO:2013-11-15 01:00:05 Judge Task init ok...
INFO:2013-11-15 01:00:43 Running Judge Core...
INFO:2013-11-15 01:00:43 socketPort:5005, DataPath:data\, TempPath:OJ_TMP\
INFO:2013-11-15 01:00:43 MySQL:localhost root rootpwd gdoj 3306
INFO:2013-11-15 01:00:43 Init MySQL Success...
INFO:2013-11-15 01:00:43 Start initialization of Socket...
INFO:2013-11-15 01:00:43 Bind success...
INFO:2013-11-15 01:00:43 Listen success...
INFO:2013-11-15 01:00:43 Judge Task init ok...
INFO:2013-11-15 01:04:35 Running Judge Core...
INFO:2013-11-15 01:04:35 socketPort:5005, DataPath:data\, TempPath:OJ_TMP\
INFO:2013-11-15 01:04:35 MySQL:localhost root rootpwd gdoj 3306
INFO:2013-11-15 01:04:35 Init MySQL Success...
INFO:2013-11-15 01:04:35 Start initialization of Socket...
INFO:2013-11-15 01:04:35 Bind success...
INFO:2013-11-15 01:04:35 Listen success...
INFO:2013-11-15 01:04:35 Judge Task init ok...
